<?xml version="1.0" encoding="UTF-8"?>
<!-- Generated by org.testng.reporters.JUnitReportReporter -->
<testsuite hostname="DESKTOP-V5N9R93" failures="0" tests="1" name="Day06.Serilalization_De_Serialization" time="0.586" errors="0" timestamp="2023-08-16T06:11:10 IST" skipped="0">
  <testcase classname="Day06.Serilalization_De_Serialization" name="convertjson2poja" time="0.586"/>
  <system-out/>
</testsuite> <!-- Day06.Serilalization_De_Serialization -->
