<?xml version="1.0" encoding="UTF-8"?>
<!-- Generated by org.testng.reporters.JUnitReportReporter -->
<testsuite hostname="DESKTOP-V5N9R93" failures="0" tests="1" name="Day07.Authentication" time="4.794" errors="0" timestamp="2023-08-21T17:09:53 IST" skipped="0">
  <testcase classname="Day07.Authentication" name="apiKeyAuthentivation" time="4.794"/>
  <system-out/>
</testsuite> <!-- Day07.Authentication -->
