<?xml version="1.0" encoding="UTF-8"?>
<!-- Generated by org.testng.reporters.JUnitReportReporter -->
<testsuite hostname="DESKTOP-V5N9R93" failures="0" tests="1" name="Day08.DeleteUser" time="0.668" errors="0" timestamp="2023-09-09T05:19:49 IST" skipped="0">
  <testcase classname="Day08.DeleteUser" name="deleteUser" time="0.668"/>
  <system-out/>
</testsuite> <!-- Day08.DeleteUser -->
