<?xml version="1.0" encoding="UTF-8"?>
<!-- Generated by org.testng.reporters.JUnitReportReporter -->
<testsuite hostname="DESKTOP-V5N9R93" failures="0" tests="1" name="Day06.JsonSchemaValidation" time="4.710" errors="0" timestamp="2023-08-14T04:27:11 IST" skipped="0">
  <testcase classname="Day06.JsonSchemaValidation" name="jsonschemaValidation" time="4.710"/>
  <system-out/>
</testsuite> <!-- Day06.JsonSchemaValidation -->
