<?xml version="1.0" encoding="UTF-8"?>
<!-- Generated by org.testng.reporters.JUnitReportReporter -->
<testsuite hostname="DESKTOP-V5N9R93" failures="0" tests="1" name="Day07.Faker_DataGenerator" time="0.496" errors="0" timestamp="2023-08-21T17:50:25 IST" skipped="0">
  <testcase classname="Day07.Faker_DataGenerator" name="createDummyData" time="0.496"/>
  <system-out/>
</testsuite> <!-- Day07.Faker_DataGenerator -->
